2024/06/04 13:20:43 [notice] 1#1: using the "epoll" event method
2024/06/04 13:20:43 [notice] 1#1: nginx/1.27.0
2024/06/04 13:20:43 [notice] 1#1: built by gcc 13.2.1 20231014 (Alpine 13.2.1_git20231014) 
2024/06/04 13:20:43 [notice] 1#1: OS: Linux 6.6.26-linuxkit
2024/06/04 13:20:43 [notice] 1#1: getrlimit(RLIMIT_NOFILE): 1048576:1048576
2024/06/04 13:20:43 [notice] 1#1: start worker processes
2024/06/04 13:20:43 [notice] 1#1: start worker process 7
2024/06/04 13:20:43 [notice] 1#1: start worker process 8
2024/06/04 13:20:43 [notice] 1#1: start worker process 9
2024/06/04 13:20:43 [notice] 1#1: start worker process 10
2024/06/04 13:20:43 [notice] 1#1: start worker process 11
2024/06/04 13:20:43 [notice] 1#1: start worker process 12
2024/06/04 13:20:43 [notice] 1#1: start worker process 13
2024/06/04 13:20:43 [notice] 1#1: start worker process 14
2024/06/04 13:22:15 [notice] 1#1: signal 3 (SIGQUIT) received, shutting down
2024/06/04 13:22:15 [notice] 7#7: gracefully shutting down
2024/06/04 13:22:15 [notice] 8#8: gracefully shutting down
2024/06/04 13:22:15 [notice] 9#9: gracefully shutting down
2024/06/04 13:22:15 [notice] 11#11: gracefully shutting down
2024/06/04 13:22:15 [notice] 12#12: gracefully shutting down
2024/06/04 13:22:15 [notice] 10#10: gracefully shutting down
2024/06/04 13:22:15 [notice] 13#13: gracefully shutting down
2024/06/04 13:22:15 [notice] 14#14: gracefully shutting down
2024/06/04 13:22:15 [notice] 7#7: exiting
2024/06/04 13:22:15 [notice] 9#9: exiting
2024/06/04 13:22:15 [notice] 14#14: exiting
2024/06/04 13:22:15 [notice] 8#8: exiting
2024/06/04 13:22:15 [notice] 11#11: exiting
2024/06/04 13:22:15 [notice] 12#12: exiting
2024/06/04 13:22:15 [notice] 10#10: exiting
2024/06/04 13:22:15 [notice] 13#13: exiting
2024/06/04 13:22:15 [notice] 9#9: exit
2024/06/04 13:22:15 [notice] 7#7: exit
2024/06/04 13:22:15 [notice] 14#14: exit
2024/06/04 13:22:15 [notice] 8#8: exit
2024/06/04 13:22:15 [notice] 11#11: exit
2024/06/04 13:22:15 [notice] 12#12: exit
2024/06/04 13:22:15 [notice] 10#10: exit
2024/06/04 13:22:15 [notice] 13#13: exit
2024/06/04 13:22:15 [notice] 1#1: signal 17 (SIGCHLD) received from 11
2024/06/04 13:22:15 [notice] 1#1: worker process 9 exited with code 0
2024/06/04 13:22:15 [notice] 1#1: worker process 10 exited with code 0
2024/06/04 13:22:15 [notice] 1#1: worker process 11 exited with code 0
2024/06/04 13:22:15 [notice] 1#1: worker process 13 exited with code 0
2024/06/04 13:22:15 [notice] 1#1: signal 29 (SIGIO) received
2024/06/04 13:22:15 [notice] 1#1: signal 17 (SIGCHLD) received from 12
2024/06/04 13:22:15 [notice] 1#1: worker process 12 exited with code 0
2024/06/04 13:22:15 [notice] 1#1: worker process 7 exited with code 0
2024/06/04 13:22:15 [notice] 1#1: worker process 8 exited with code 0
2024/06/04 13:22:15 [notice] 1#1: worker process 14 exited with code 0
2024/06/04 13:22:15 [notice] 1#1: exit
2024/06/12 14:07:36 [emerg] 1#1: host not found in upstream "api" in /etc/nginx/conf.d/default.conf:7
2024/06/12 14:10:11 [emerg] 1#1: host not found in upstream "api" in /etc/nginx/conf.d/default.conf:7
2024/06/12 14:13:26 [emerg] 1#1: host not found in upstream "api" in /etc/nginx/conf.d/default.conf:7
2024/06/12 14:21:34 [emerg] 1#1: host not found in upstream "api:3001" in /etc/nginx/conf.d/default.conf:2
2024/06/13 12:58:46 [emerg] 1#1: upstream "api" may not have port 3001 in /etc/nginx/conf.d/default.conf:11
2024/06/13 13:01:19 [emerg] 1#1: host not found in upstream "api:3001" in /etc/nginx/conf.d/default.conf:2
2024/06/13 13:59:00 [emerg] 1#1: host not found in upstream "api:3001" in /etc/nginx/conf.d/default.conf:2
2024/06/13 14:40:20 [emerg] 1#1: host not found in upstream "api:3001" in /etc/nginx/conf.d/default.conf:2
2024/06/13 14:52:23 [emerg] 1#1: host not found in upstream "api" in /etc/nginx/conf.d/default.conf:11
2024/06/13 14:55:35 [emerg] 1#1: host not found in upstream "api" in /etc/nginx/conf.d/default.conf:11
2024/06/13 16:56:03 [emerg] 1#1: host not found in upstream "api" in /etc/nginx/conf.d/default.conf:11
2024/06/15 04:09:59 [notice] 1#1: using the "epoll" event method
2024/06/15 04:09:59 [notice] 1#1: nginx/1.27.0
2024/06/15 04:09:59 [notice] 1#1: built by gcc 13.2.1 20231014 (Alpine 13.2.1_git20231014) 
2024/06/15 04:09:59 [notice] 1#1: OS: Linux 6.6.26-linuxkit
2024/06/15 04:09:59 [notice] 1#1: getrlimit(RLIMIT_NOFILE): 1048576:1048576
2024/06/15 04:09:59 [notice] 1#1: start worker processes
2024/06/15 04:09:59 [notice] 1#1: start worker process 7
2024/06/15 04:09:59 [notice] 1#1: start worker process 8
2024/06/15 04:09:59 [notice] 1#1: start worker process 9
2024/06/15 04:09:59 [notice] 1#1: start worker process 10
2024/06/15 04:09:59 [notice] 1#1: start worker process 11
2024/06/15 04:09:59 [notice] 1#1: start worker process 12
2024/06/15 04:09:59 [notice] 1#1: start worker process 13
2024/06/15 04:09:59 [notice] 1#1: start worker process 14
2024/06/15 04:10:04 [error] 7#7: *1 connect() failed (111: Connection refused) while connecting to upstream, client: 192.168.65.1, server: , request: "GET / HTTP/1.1", upstream: "http://172.18.0.2:3001/", host: "localhost"
2024/06/15 04:10:04 [error] 7#7: *1 connect() failed (111: Connection refused) while connecting to upstream, client: 192.168.65.1, server: , request: "GET /favicon.ico HTTP/1.1", upstream: "http://172.18.0.2:3001/favicon.ico", host: "localhost", referrer: "http://localhost/"
2024/06/15 05:36:49 [notice] 1#1: signal 3 (SIGQUIT) received, shutting down
2024/06/15 05:36:49 [notice] 7#7: gracefully shutting down
2024/06/15 05:36:49 [notice] 8#8: gracefully shutting down
2024/06/15 05:36:49 [notice] 10#10: gracefully shutting down
2024/06/15 05:36:49 [notice] 14#14: gracefully shutting down
2024/06/15 05:36:49 [notice] 9#9: gracefully shutting down
2024/06/15 05:36:49 [notice] 14#14: exiting
2024/06/15 05:36:49 [notice] 11#11: gracefully shutting down
2024/06/15 05:36:49 [notice] 13#13: gracefully shutting down
2024/06/15 05:36:49 [notice] 14#14: exit
2024/06/15 05:36:49 [notice] 12#12: gracefully shutting down
2024/06/15 05:36:49 [notice] 7#7: exiting
2024/06/15 05:36:49 [notice] 8#8: exiting
2024/06/15 05:36:49 [notice] 10#10: exiting
2024/06/15 05:36:49 [notice] 9#9: exiting
2024/06/15 05:36:49 [notice] 11#11: exiting
2024/06/15 05:36:49 [notice] 13#13: exiting
2024/06/15 05:36:49 [notice] 12#12: exiting
2024/06/15 05:36:49 [notice] 7#7: exit
2024/06/15 05:36:49 [notice] 8#8: exit
2024/06/15 05:36:49 [notice] 10#10: exit
2024/06/15 05:36:49 [notice] 9#9: exit
2024/06/15 05:36:49 [notice] 11#11: exit
2024/06/15 05:36:49 [notice] 13#13: exit
2024/06/15 05:36:49 [notice] 12#12: exit
2024/06/15 05:36:49 [notice] 1#1: signal 17 (SIGCHLD) received from 14
2024/06/15 05:36:49 [notice] 1#1: worker process 14 exited with code 0
2024/06/15 05:36:49 [notice] 1#1: signal 29 (SIGIO) received
2024/06/15 05:36:49 [notice] 1#1: signal 17 (SIGCHLD) received from 12
2024/06/15 05:36:49 [notice] 1#1: worker process 7 exited with code 0
2024/06/15 05:36:49 [notice] 1#1: worker process 8 exited with code 0
2024/06/15 05:36:49 [notice] 1#1: worker process 9 exited with code 0
2024/06/15 05:36:49 [notice] 1#1: worker process 10 exited with code 0
2024/06/15 05:36:49 [notice] 1#1: worker process 11 exited with code 0
2024/06/15 05:36:49 [notice] 1#1: worker process 12 exited with code 0
2024/06/15 05:36:49 [notice] 1#1: worker process 13 exited with code 0
2024/06/15 05:36:49 [notice] 1#1: exit
2024/06/15 05:36:50 [notice] 1#1: using the "epoll" event method
2024/06/15 05:36:50 [notice] 1#1: nginx/1.27.0
2024/06/15 05:36:50 [notice] 1#1: built by gcc 13.2.1 20231014 (Alpine 13.2.1_git20231014) 
2024/06/15 05:36:50 [notice] 1#1: OS: Linux 6.6.26-linuxkit
2024/06/15 05:36:50 [notice] 1#1: getrlimit(RLIMIT_NOFILE): 1048576:1048576
2024/06/15 05:36:50 [notice] 1#1: start worker processes
2024/06/15 05:36:50 [notice] 1#1: start worker process 7
2024/06/15 05:36:50 [notice] 1#1: start worker process 8
2024/06/15 05:36:50 [notice] 1#1: start worker process 9
2024/06/15 05:36:50 [notice] 1#1: start worker process 10
2024/06/15 05:36:50 [notice] 1#1: start worker process 11
2024/06/15 05:36:50 [notice] 1#1: start worker process 12
2024/06/15 05:36:50 [notice] 1#1: start worker process 13
2024/06/15 05:36:50 [notice] 1#1: start worker process 14
2024/06/15 06:40:21 [notice] 1#1: signal 3 (SIGQUIT) received, shutting down
2024/06/15 06:40:21 [notice] 8#8: gracefully shutting down
2024/06/15 06:40:21 [notice] 13#13: gracefully shutting down
2024/06/15 06:40:21 [notice] 7#7: gracefully shutting down
2024/06/15 06:40:21 [notice] 13#13: exiting
2024/06/15 06:40:21 [notice] 9#9: gracefully shutting down
2024/06/15 06:40:21 [notice] 11#11: gracefully shutting down
2024/06/15 06:40:21 [notice] 10#10: gracefully shutting down
2024/06/15 06:40:21 [notice] 14#14: gracefully shutting down
2024/06/15 06:40:21 [notice] 11#11: exiting
2024/06/15 06:40:21 [notice] 12#12: gracefully shutting down
2024/06/15 06:40:21 [notice] 8#8: exiting
2024/06/15 06:40:21 [notice] 7#7: exiting
2024/06/15 06:40:21 [notice] 9#9: exiting
2024/06/15 06:40:21 [notice] 13#13: exit
2024/06/15 06:40:21 [notice] 7#7: exit
2024/06/15 06:40:21 [notice] 10#10: exiting
2024/06/15 06:40:21 [notice] 14#14: exiting
2024/06/15 06:40:21 [notice] 11#11: exit
2024/06/15 06:40:21 [notice] 12#12: exiting
2024/06/15 06:40:21 [notice] 8#8: exit
2024/06/15 06:40:21 [notice] 9#9: exit
2024/06/15 06:40:21 [notice] 10#10: exit
2024/06/15 06:40:21 [notice] 14#14: exit
2024/06/15 06:40:21 [notice] 12#12: exit
2024/06/15 06:40:21 [notice] 1#1: signal 17 (SIGCHLD) received from 8
2024/06/15 06:40:21 [notice] 1#1: worker process 7 exited with code 0
2024/06/15 06:40:21 [notice] 1#1: worker process 8 exited with code 0
2024/06/15 06:40:21 [notice] 1#1: signal 29 (SIGIO) received
2024/06/15 06:40:21 [notice] 1#1: signal 17 (SIGCHLD) received from 9
2024/06/15 06:40:21 [notice] 1#1: worker process 9 exited with code 0
2024/06/15 06:40:21 [notice] 1#1: worker process 10 exited with code 0
2024/06/15 06:40:21 [notice] 1#1: worker process 11 exited with code 0
2024/06/15 06:40:21 [notice] 1#1: worker process 12 exited with code 0
2024/06/15 06:40:21 [notice] 1#1: worker process 13 exited with code 0
2024/06/15 06:40:21 [notice] 1#1: worker process 14 exited with code 0
2024/06/15 06:40:21 [notice] 1#1: exit
2024/06/15 06:42:11 [notice] 1#1: using the "epoll" event method
2024/06/15 06:42:11 [notice] 1#1: nginx/1.27.0
2024/06/15 06:42:11 [notice] 1#1: built by gcc 13.2.1 20231014 (Alpine 13.2.1_git20231014) 
2024/06/15 06:42:11 [notice] 1#1: OS: Linux 6.6.26-linuxkit
2024/06/15 06:42:11 [notice] 1#1: getrlimit(RLIMIT_NOFILE): 1048576:1048576
2024/06/15 06:42:11 [notice] 1#1: start worker processes
2024/06/15 06:42:11 [notice] 1#1: start worker process 7
2024/06/15 06:42:11 [notice] 1#1: start worker process 8
2024/06/15 06:42:11 [notice] 1#1: start worker process 9
2024/06/15 06:42:11 [notice] 1#1: start worker process 10
2024/06/15 06:42:11 [notice] 1#1: start worker process 11
2024/06/15 06:42:11 [notice] 1#1: start worker process 12
2024/06/15 06:42:11 [notice] 1#1: start worker process 13
2024/06/15 06:42:11 [notice] 1#1: start worker process 14
2024/06/15 06:42:25 [error] 7#7: *1 connect() failed (111: Connection refused) while connecting to upstream, client: 192.168.65.1, server: , request: "GET / HTTP/1.1", upstream: "http://172.18.0.2:3001/", host: "localhost"
2024/06/15 06:44:37 [notice] 1#1: signal 3 (SIGQUIT) received, shutting down
2024/06/15 06:44:37 [notice] 7#7: gracefully shutting down
2024/06/15 06:44:37 [notice] 13#13: gracefully shutting down
2024/06/15 06:44:37 [notice] 11#11: gracefully shutting down
2024/06/15 06:44:37 [notice] 12#12: gracefully shutting down
2024/06/15 06:44:37 [notice] 14#14: gracefully shutting down
2024/06/15 06:44:37 [notice] 11#11: exiting
2024/06/15 06:44:37 [notice] 9#9: gracefully shutting down
2024/06/15 06:44:37 [notice] 14#14: exiting
2024/06/15 06:44:37 [notice] 10#10: gracefully shutting down
2024/06/15 06:44:37 [notice] 8#8: gracefully shutting down
2024/06/15 06:44:37 [notice] 7#7: exiting
2024/06/15 06:44:37 [notice] 13#13: exiting
2024/06/15 06:44:37 [notice] 12#12: exiting
2024/06/15 06:44:37 [notice] 11#11: exit
2024/06/15 06:44:37 [notice] 12#12: exit
2024/06/15 06:44:37 [notice] 14#14: exit
2024/06/15 06:44:37 [notice] 9#9: exiting
2024/06/15 06:44:37 [notice] 10#10: exiting
2024/06/15 06:44:37 [notice] 8#8: exiting
2024/06/15 06:44:37 [notice] 7#7: exit
2024/06/15 06:44:37 [notice] 13#13: exit
2024/06/15 06:44:37 [notice] 9#9: exit
2024/06/15 06:44:37 [notice] 10#10: exit
2024/06/15 06:44:37 [notice] 8#8: exit
2024/06/15 06:44:37 [notice] 1#1: signal 17 (SIGCHLD) received from 10
2024/06/15 06:44:37 [notice] 1#1: worker process 10 exited with code 0
2024/06/15 06:44:37 [notice] 1#1: worker process 13 exited with code 0
2024/06/15 06:44:37 [notice] 1#1: signal 29 (SIGIO) received
2024/06/15 06:44:37 [notice] 1#1: signal 17 (SIGCHLD) received from 11
2024/06/15 06:44:37 [notice] 1#1: worker process 7 exited with code 0
2024/06/15 06:44:37 [notice] 1#1: worker process 8 exited with code 0
2024/06/15 06:44:37 [notice] 1#1: worker process 9 exited with code 0
2024/06/15 06:44:37 [notice] 1#1: worker process 11 exited with code 0
2024/06/15 06:44:37 [notice] 1#1: worker process 12 exited with code 0
2024/06/15 06:44:37 [notice] 1#1: worker process 14 exited with code 0
2024/06/15 06:44:37 [notice] 1#1: exit
2024/06/15 06:44:37 [notice] 1#1: using the "epoll" event method
2024/06/15 06:44:37 [notice] 1#1: nginx/1.27.0
2024/06/15 06:44:37 [notice] 1#1: built by gcc 13.2.1 20231014 (Alpine 13.2.1_git20231014) 
2024/06/15 06:44:37 [notice] 1#1: OS: Linux 6.6.26-linuxkit
2024/06/15 06:44:37 [notice] 1#1: getrlimit(RLIMIT_NOFILE): 1048576:1048576
2024/06/15 06:44:37 [notice] 1#1: start worker processes
2024/06/15 06:44:37 [notice] 1#1: start worker process 7
2024/06/15 06:44:37 [notice] 1#1: start worker process 8
2024/06/15 06:44:37 [notice] 1#1: start worker process 9
2024/06/15 06:44:37 [notice] 1#1: start worker process 10
2024/06/15 06:44:37 [notice] 1#1: start worker process 11
2024/06/15 06:44:37 [notice] 1#1: start worker process 12
2024/06/15 06:44:37 [notice] 1#1: start worker process 13
2024/06/15 06:44:37 [notice] 1#1: start worker process 14
2024/06/15 06:44:42 [error] 7#7: *1 connect() failed (111: Connection refused) while connecting to upstream, client: 192.168.65.1, server: , request: "GET / HTTP/1.1", upstream: "http://172.18.0.2:3001/", host: "localhost"
2024/06/15 06:44:43 [error] 7#7: *1 connect() failed (111: Connection refused) while connecting to upstream, client: 192.168.65.1, server: , request: "GET / HTTP/1.1", upstream: "http://172.18.0.2:3001/", host: "localhost"
2024/06/15 06:44:44 [error] 9#9: *4 connect() failed (111: Connection refused) while connecting to upstream, client: 192.168.65.1, server: , request: "GET / HTTP/1.1", upstream: "http://172.18.0.2:3001/", host: "localhost"
2024/06/15 06:44:46 [error] 9#9: *4 connect() failed (111: Connection refused) while connecting to upstream, client: 192.168.65.1, server: , request: "GET / HTTP/1.1", upstream: "http://172.18.0.2:3001/", host: "localhost"
2024/06/15 07:24:07 [notice] 1#1: signal 3 (SIGQUIT) received, shutting down
2024/06/15 07:24:07 [notice] 7#7: gracefully shutting down
2024/06/15 07:24:07 [notice] 8#8: gracefully shutting down
2024/06/15 07:24:07 [notice] 7#7: exiting
2024/06/15 07:24:07 [notice] 10#10: gracefully shutting down
2024/06/15 07:24:07 [notice] 11#11: gracefully shutting down
2024/06/15 07:24:07 [notice] 12#12: gracefully shutting down
2024/06/15 07:24:07 [notice] 14#14: gracefully shutting down
2024/06/15 07:24:07 [notice] 13#13: gracefully shutting down
2024/06/15 07:24:07 [notice] 9#9: gracefully shutting down
2024/06/15 07:24:07 [notice] 8#8: exiting
2024/06/15 07:24:07 [notice] 7#7: exit
2024/06/15 07:24:07 [notice] 10#10: exiting
2024/06/15 07:24:07 [notice] 11#11: exiting
2024/06/15 07:24:07 [notice] 12#12: exiting
2024/06/15 07:24:07 [notice] 14#14: exiting
2024/06/15 07:24:07 [notice] 12#12: exit
2024/06/15 07:24:07 [notice] 13#13: exiting
2024/06/15 07:24:07 [notice] 9#9: exiting
2024/06/15 07:24:07 [notice] 13#13: exit
2024/06/15 07:24:07 [notice] 8#8: exit
2024/06/15 07:24:07 [notice] 10#10: exit
2024/06/15 07:24:07 [notice] 11#11: exit
2024/06/15 07:24:07 [notice] 14#14: exit
2024/06/15 07:24:07 [notice] 9#9: exit
2024/06/15 07:24:07 [notice] 1#1: signal 17 (SIGCHLD) received from 8
2024/06/15 07:24:07 [notice] 1#1: worker process 8 exited with code 0
2024/06/15 07:24:07 [notice] 1#1: signal 29 (SIGIO) received
2024/06/15 07:24:07 [notice] 1#1: signal 17 (SIGCHLD) received from 7
2024/06/15 07:24:07 [notice] 1#1: worker process 7 exited with code 0
2024/06/15 07:24:07 [notice] 1#1: worker process 9 exited with code 0
2024/06/15 07:24:07 [notice] 1#1: worker process 10 exited with code 0
2024/06/15 07:24:07 [notice] 1#1: worker process 11 exited with code 0
2024/06/15 07:24:07 [notice] 1#1: worker process 12 exited with code 0
2024/06/15 07:24:07 [notice] 1#1: worker process 13 exited with code 0
2024/06/15 07:24:07 [notice] 1#1: worker process 14 exited with code 0
2024/06/15 07:24:07 [notice] 1#1: exit
2024/06/15 07:25:46 [notice] 1#1: using the "epoll" event method
2024/06/15 07:25:46 [notice] 1#1: nginx/1.27.0
2024/06/15 07:25:46 [notice] 1#1: built by gcc 13.2.1 20231014 (Alpine 13.2.1_git20231014) 
2024/06/15 07:25:46 [notice] 1#1: OS: Linux 6.6.26-linuxkit
2024/06/15 07:25:46 [notice] 1#1: getrlimit(RLIMIT_NOFILE): 1048576:1048576
2024/06/15 07:25:46 [notice] 1#1: start worker processes
2024/06/15 07:25:46 [notice] 1#1: start worker process 7
2024/06/15 07:25:46 [notice] 1#1: start worker process 8
2024/06/15 07:25:46 [notice] 1#1: start worker process 9
2024/06/15 07:25:46 [notice] 1#1: start worker process 10
2024/06/15 07:25:46 [notice] 1#1: start worker process 11
2024/06/15 07:25:46 [notice] 1#1: start worker process 12
2024/06/15 07:25:46 [notice] 1#1: start worker process 13
2024/06/15 07:25:46 [notice] 1#1: start worker process 14
2024/06/15 07:25:50 [error] 7#7: *1 connect() failed (111: Connection refused) while connecting to upstream, client: 192.168.65.1, server: , request: "GET /api/v1/config HTTP/1.1", upstream: "http://172.19.0.2:3001/api/v1/config", host: "localhost"
2024/06/15 07:25:53 [error] 7#7: *1 connect() failed (111: Connection refused) while connecting to upstream, client: 192.168.65.1, server: , request: "GET /api/v1/config HTTP/1.1", upstream: "http://172.19.0.2:3001/api/v1/config", host: "localhost"
2024/06/15 07:25:53 [error] 7#7: *1 connect() failed (111: Connection refused) while connecting to upstream, client: 192.168.65.1, server: , request: "GET /api/v1/config HTTP/1.1", upstream: "http://172.19.0.2:3001/api/v1/config", host: "localhost"
2024/06/15 07:25:54 [error] 7#7: *1 connect() failed (111: Connection refused) while connecting to upstream, client: 192.168.65.1, server: , request: "GET /api/v1/config HTTP/1.1", upstream: "http://172.19.0.2:3001/api/v1/config", host: "localhost"
2024/06/15 07:25:55 [error] 8#8: *6 connect() failed (111: Connection refused) while connecting to upstream, client: 192.168.65.1, server: , request: "GET /api/v1/config HTTP/1.1", upstream: "http://172.19.0.2:3001/api/v1/config", host: "localhost"
2024/06/15 07:25:58 [error] 8#8: *6 connect() failed (111: Connection refused) while connecting to upstream, client: 192.168.65.1, server: , request: "GET /api/v1/config HTTP/1.1", upstream: "http://172.19.0.2:3001/api/v1/config", host: "localhost"
2024/06/15 07:26:04 [error] 9#9: *9 connect() failed (111: Connection refused) while connecting to upstream, client: 192.168.65.1, server: , request: "GET /api/v1/config HTTP/1.1", upstream: "http://172.19.0.2:3001/api/v1/config", host: "localhost"
2024/06/15 07:26:05 [error] 10#10: *11 connect() failed (111: Connection refused) while connecting to upstream, client: 192.168.65.1, server: , request: "GET /api/v1/config HTTP/1.1", upstream: "http://172.19.0.2:3001/api/v1/config", host: "localhost"
2024/06/15 07:26:12 [error] 11#11: *13 connect() failed (111: Connection refused) while connecting to upstream, client: 192.168.65.1, server: , request: "GET /api/v1/config HTTP/1.1", upstream: "http://172.19.0.2:3001/api/v1/config", host: "localhost"
2024/06/15 10:18:24 [notice] 1#1: signal 3 (SIGQUIT) received, shutting down
2024/06/15 10:18:24 [notice] 9#9: gracefully shutting down
2024/06/15 10:18:24 [notice] 10#10: gracefully shutting down
2024/06/15 10:18:24 [notice] 7#7: gracefully shutting down
2024/06/15 10:18:24 [notice] 8#8: gracefully shutting down
2024/06/15 10:18:24 [notice] 11#11: gracefully shutting down
2024/06/15 10:18:24 [notice] 12#12: gracefully shutting down
2024/06/15 10:18:24 [notice] 14#14: gracefully shutting down
2024/06/15 10:18:24 [notice] 13#13: gracefully shutting down
2024/06/15 10:18:24 [notice] 9#9: exiting
2024/06/15 10:18:24 [notice] 7#7: exiting
2024/06/15 10:18:24 [notice] 10#10: exiting
2024/06/15 10:18:24 [notice] 13#13: exiting
2024/06/15 10:18:24 [notice] 8#8: exiting
2024/06/15 10:18:24 [notice] 11#11: exiting
2024/06/15 10:18:24 [notice] 9#9: exit
2024/06/15 10:18:24 [notice] 12#12: exiting
2024/06/15 10:18:24 [notice] 14#14: exiting
2024/06/15 10:18:24 [notice] 7#7: exit
2024/06/15 10:18:24 [notice] 10#10: exit
2024/06/15 10:18:24 [notice] 8#8: exit
2024/06/15 10:18:24 [notice] 13#13: exit
2024/06/15 10:18:24 [notice] 11#11: exit
2024/06/15 10:18:24 [notice] 12#12: exit
2024/06/15 10:18:24 [notice] 14#14: exit
2024/06/15 10:18:24 [notice] 1#1: signal 17 (SIGCHLD) received from 12
2024/06/15 10:18:24 [notice] 1#1: worker process 12 exited with code 0
2024/06/15 10:18:24 [notice] 1#1: signal 29 (SIGIO) received
2024/06/15 10:18:24 [notice] 1#1: signal 17 (SIGCHLD) received from 11
2024/06/15 10:18:24 [notice] 1#1: worker process 7 exited with code 0
2024/06/15 10:18:24 [notice] 1#1: worker process 8 exited with code 0
2024/06/15 10:18:24 [notice] 1#1: worker process 9 exited with code 0
2024/06/15 10:18:24 [notice] 1#1: worker process 10 exited with code 0
2024/06/15 10:18:24 [notice] 1#1: worker process 11 exited with code 0
2024/06/15 10:18:24 [notice] 1#1: worker process 13 exited with code 0
2024/06/15 10:18:24 [notice] 1#1: worker process 14 exited with code 0
2024/06/15 10:18:24 [notice] 1#1: exit
2024/06/15 10:34:11 [notice] 1#1: using the "epoll" event method
2024/06/15 10:34:11 [notice] 1#1: nginx/1.27.0
2024/06/15 10:34:11 [notice] 1#1: built by gcc 13.2.1 20231014 (Alpine 13.2.1_git20231014) 
2024/06/15 10:34:11 [notice] 1#1: OS: Linux 6.6.26-linuxkit
2024/06/15 10:34:11 [notice] 1#1: getrlimit(RLIMIT_NOFILE): 1048576:1048576
2024/06/15 10:34:11 [notice] 1#1: start worker processes
2024/06/15 10:34:11 [notice] 1#1: start worker process 6
2024/06/15 10:34:11 [notice] 1#1: start worker process 7
2024/06/15 10:34:11 [notice] 1#1: start worker process 8
2024/06/15 10:34:11 [notice] 1#1: start worker process 9
2024/06/15 10:34:11 [notice] 1#1: start worker process 10
2024/06/15 10:34:11 [notice] 1#1: start worker process 11
2024/06/15 10:34:11 [notice] 1#1: start worker process 12
2024/06/15 10:34:11 [notice] 1#1: start worker process 13
2024/06/15 15:17:50 [notice] 1#1: signal 3 (SIGQUIT) received, shutting down
2024/06/15 15:17:50 [notice] 11#11: gracefully shutting down
2024/06/15 15:17:50 [notice] 6#6: gracefully shutting down
2024/06/15 15:17:50 [notice] 10#10: gracefully shutting down
2024/06/15 15:17:50 [notice] 9#9: gracefully shutting down
2024/06/15 15:17:50 [notice] 12#12: gracefully shutting down
2024/06/15 15:17:50 [notice] 7#7: gracefully shutting down
2024/06/15 15:17:50 [notice] 13#13: gracefully shutting down
2024/06/15 15:17:50 [notice] 8#8: gracefully shutting down
2024/06/15 15:17:50 [notice] 11#11: exiting
2024/06/15 15:17:50 [notice] 6#6: exiting
2024/06/15 15:17:50 [notice] 10#10: exiting
2024/06/15 15:17:50 [notice] 9#9: exiting
2024/06/15 15:17:50 [notice] 9#9: exit
2024/06/15 15:17:50 [notice] 12#12: exiting
2024/06/15 15:17:50 [notice] 7#7: exiting
2024/06/15 15:17:50 [notice] 13#13: exiting
2024/06/15 15:17:50 [notice] 8#8: exiting
2024/06/15 15:17:50 [notice] 11#11: exit
2024/06/15 15:17:50 [notice] 6#6: exit
2024/06/15 15:17:50 [notice] 10#10: exit
2024/06/15 15:17:50 [notice] 12#12: exit
2024/06/15 15:17:50 [notice] 7#7: exit
2024/06/15 15:17:50 [notice] 13#13: exit
2024/06/15 15:17:50 [notice] 8#8: exit
2024/06/15 15:17:50 [notice] 1#1: signal 17 (SIGCHLD) received from 11
2024/06/15 15:17:50 [notice] 1#1: worker process 9 exited with code 0
2024/06/15 15:17:50 [notice] 1#1: worker process 11 exited with code 0
2024/06/15 15:17:50 [notice] 1#1: signal 29 (SIGIO) received
2024/06/15 15:17:50 [notice] 1#1: signal 17 (SIGCHLD) received from 6
2024/06/15 15:17:50 [notice] 1#1: worker process 6 exited with code 0
2024/06/15 15:17:50 [notice] 1#1: worker process 7 exited with code 0
2024/06/15 15:17:50 [notice] 1#1: worker process 8 exited with code 0
2024/06/15 15:17:50 [notice] 1#1: worker process 10 exited with code 0
2024/06/15 15:17:50 [notice] 1#1: worker process 12 exited with code 0
2024/06/15 15:17:50 [notice] 1#1: worker process 13 exited with code 0
2024/06/15 15:17:50 [notice] 1#1: exit
2024/06/15 15:21:05 [notice] 1#1: using the "epoll" event method
2024/06/15 15:21:05 [notice] 1#1: nginx/1.27.0
2024/06/15 15:21:05 [notice] 1#1: built by gcc 13.2.1 20231014 (Alpine 13.2.1_git20231014) 
2024/06/15 15:21:05 [notice] 1#1: OS: Linux 6.6.26-linuxkit
2024/06/15 15:21:05 [notice] 1#1: getrlimit(RLIMIT_NOFILE): 1048576:1048576
2024/06/15 15:21:05 [notice] 1#1: start worker processes
2024/06/15 15:21:05 [notice] 1#1: start worker process 6
2024/06/15 15:21:05 [notice] 1#1: start worker process 7
2024/06/15 15:21:05 [notice] 1#1: start worker process 8
2024/06/15 15:21:05 [notice] 1#1: start worker process 9
2024/06/15 15:21:05 [notice] 1#1: start worker process 10
2024/06/15 15:21:05 [notice] 1#1: start worker process 11
2024/06/15 15:21:05 [notice] 1#1: start worker process 12
2024/06/15 15:21:05 [notice] 1#1: start worker process 13
2024/06/15 15:21:13 [error] 6#6: *1 connect() failed (111: Connection refused) while connecting to upstream, client: 192.168.65.1, server: , request: "GET /api/v1/users HTTP/1.1", upstream: "http://172.21.0.2:3001/api/v1/users", host: "localhost"
2024/06/15 15:21:19 [error] 7#7: *3 connect() failed (111: Connection refused) while connecting to upstream, client: 192.168.65.1, server: , request: "GET /api/v1/users HTTP/1.1", upstream: "http://172.21.0.2:3001/api/v1/users", host: "localhost"
2024/06/15 15:21:40 [error] 8#8: *5 connect() failed (111: Connection refused) while connecting to upstream, client: 192.168.65.1, server: , request: "GET /api/v1/users HTTP/1.1", upstream: "http://172.21.0.2:3001/api/v1/users", host: "localhost"
2024/06/15 15:21:41 [error] 8#8: *5 connect() failed (111: Connection refused) while connecting to upstream, client: 192.168.65.1, server: , request: "GET /api/v1/users HTTP/1.1", upstream: "http://172.21.0.2:3001/api/v1/users", host: "localhost"
2024/06/15 15:25:58 [notice] 1#1: signal 3 (SIGQUIT) received, shutting down
2024/06/15 15:25:58 [notice] 7#7: gracefully shutting down
2024/06/15 15:25:58 [notice] 8#8: gracefully shutting down
2024/06/15 15:25:58 [notice] 9#9: gracefully shutting down
2024/06/15 15:25:58 [notice] 11#11: gracefully shutting down
2024/06/15 15:25:58 [notice] 6#6: gracefully shutting down
2024/06/15 15:25:58 [notice] 12#12: gracefully shutting down
2024/06/15 15:25:58 [notice] 13#13: gracefully shutting down
2024/06/15 15:25:58 [notice] 12#12: exiting
2024/06/15 15:25:58 [notice] 10#10: gracefully shutting down
2024/06/15 15:25:58 [notice] 7#7: exiting
2024/06/15 15:25:58 [notice] 12#12: exit
2024/06/15 15:25:58 [notice] 8#8: exiting
2024/06/15 15:25:58 [notice] 9#9: exiting
2024/06/15 15:25:58 [notice] 11#11: exiting
2024/06/15 15:25:58 [notice] 6#6: exiting
2024/06/15 15:25:58 [notice] 13#13: exiting
2024/06/15 15:25:58 [notice] 10#10: exiting
2024/06/15 15:25:58 [notice] 13#13: exit
2024/06/15 15:25:58 [notice] 7#7: exit
2024/06/15 15:25:58 [notice] 8#8: exit
2024/06/15 15:25:58 [notice] 9#9: exit
2024/06/15 15:25:58 [notice] 11#11: exit
2024/06/15 15:25:58 [notice] 6#6: exit
2024/06/15 15:25:58 [notice] 10#10: exit
2024/06/15 15:25:58 [notice] 1#1: signal 17 (SIGCHLD) received from 12
2024/06/15 15:25:58 [notice] 1#1: worker process 12 exited with code 0
2024/06/15 15:25:58 [notice] 1#1: signal 29 (SIGIO) received
2024/06/15 15:25:58 [notice] 1#1: signal 17 (SIGCHLD) received from 13
2024/06/15 15:25:58 [notice] 1#1: worker process 13 exited with code 0
2024/06/15 15:25:58 [notice] 1#1: worker process 7 exited with code 0
2024/06/15 15:25:58 [notice] 1#1: signal 29 (SIGIO) received
2024/06/15 15:25:58 [notice] 1#1: signal 17 (SIGCHLD) received from 7
2024/06/15 15:25:58 [notice] 1#1: signal 17 (SIGCHLD) received from 11
2024/06/15 15:25:58 [notice] 1#1: worker process 6 exited with code 0
2024/06/15 15:25:58 [notice] 1#1: worker process 8 exited with code 0
2024/06/15 15:25:58 [notice] 1#1: worker process 9 exited with code 0
2024/06/15 15:25:58 [notice] 1#1: worker process 10 exited with code 0
2024/06/15 15:25:58 [notice] 1#1: worker process 11 exited with code 0
2024/06/15 15:25:58 [notice] 1#1: exit
2024/06/15 15:25:59 [notice] 1#1: using the "epoll" event method
2024/06/15 15:25:59 [notice] 1#1: nginx/1.27.0
2024/06/15 15:25:59 [notice] 1#1: built by gcc 13.2.1 20231014 (Alpine 13.2.1_git20231014) 
2024/06/15 15:25:59 [notice] 1#1: OS: Linux 6.6.26-linuxkit
2024/06/15 15:25:59 [notice] 1#1: getrlimit(RLIMIT_NOFILE): 1048576:1048576
2024/06/15 15:25:59 [notice] 1#1: start worker processes
2024/06/15 15:25:59 [notice] 1#1: start worker process 6
2024/06/15 15:25:59 [notice] 1#1: start worker process 7
2024/06/15 15:25:59 [notice] 1#1: start worker process 8
2024/06/15 15:25:59 [notice] 1#1: start worker process 9
2024/06/15 15:25:59 [notice] 1#1: start worker process 10
2024/06/15 15:25:59 [notice] 1#1: start worker process 11
2024/06/15 15:25:59 [notice] 1#1: start worker process 12
2024/06/15 15:25:59 [notice] 1#1: start worker process 13
2024/06/15 15:26:03 [error] 6#6: *1 connect() failed (111: Connection refused) while connecting to upstream, client: 192.168.65.1, server: , request: "GET /api/v1/users HTTP/1.1", upstream: "http://172.21.0.2:3001/api/v1/users", host: "localhost"
2024/06/15 15:26:05 [error] 7#7: *3 connect() failed (111: Connection refused) while connecting to upstream, client: 192.168.65.1, server: , request: "GET /api/v1/users HTTP/1.1", upstream: "http://172.21.0.2:3001/api/v1/users", host: "localhost"
2024/06/15 15:26:05 [error] 7#7: *3 connect() failed (111: Connection refused) while connecting to upstream, client: 192.168.65.1, server: , request: "GET /api/v1/users HTTP/1.1", upstream: "http://172.21.0.2:3001/api/v1/users", host: "localhost"
2024/06/15 15:26:06 [error] 7#7: *3 connect() failed (111: Connection refused) while connecting to upstream, client: 192.168.65.1, server: , request: "GET /api/v1/users HTTP/1.1", upstream: "http://172.21.0.2:3001/api/v1/users", host: "localhost"
2024/06/15 15:26:06 [error] 7#7: *3 connect() failed (111: Connection refused) while connecting to upstream, client: 192.168.65.1, server: , request: "GET /api/v1/users HTTP/1.1", upstream: "http://172.21.0.2:3001/api/v1/users", host: "localhost"
2024/06/19 13:53:51 [notice] 1#1: signal 3 (SIGQUIT) received, shutting down
2024/06/19 13:53:51 [notice] 6#6: gracefully shutting down
2024/06/19 13:53:51 [notice] 9#9: gracefully shutting down
2024/06/19 13:53:51 [notice] 11#11: gracefully shutting down
2024/06/19 13:53:51 [notice] 7#7: gracefully shutting down
2024/06/19 13:53:51 [notice] 8#8: gracefully shutting down
2024/06/19 13:53:51 [notice] 10#10: gracefully shutting down
2024/06/19 13:53:51 [notice] 12#12: gracefully shutting down
2024/06/19 13:53:51 [notice] 13#13: gracefully shutting down
2024/06/19 13:53:51 [notice] 6#6: exiting
2024/06/19 13:53:51 [notice] 9#9: exiting
2024/06/19 13:53:51 [notice] 8#8: exiting
2024/06/19 13:53:51 [notice] 11#11: exiting
2024/06/19 13:53:51 [notice] 7#7: exiting
2024/06/19 13:53:51 [notice] 12#12: exiting
2024/06/19 13:53:51 [notice] 13#13: exiting
2024/06/19 13:53:51 [notice] 10#10: exiting
2024/06/19 13:53:51 [notice] 8#8: exit
2024/06/19 13:53:51 [notice] 11#11: exit
2024/06/19 13:53:51 [notice] 7#7: exit
2024/06/19 13:53:51 [notice] 6#6: exit
2024/06/19 13:53:51 [notice] 9#9: exit
2024/06/19 13:53:51 [notice] 12#12: exit
2024/06/19 13:53:51 [notice] 10#10: exit
2024/06/19 13:53:51 [notice] 13#13: exit
2024/06/19 13:53:51 [notice] 1#1: signal 17 (SIGCHLD) received from 6
2024/06/19 13:53:51 [notice] 1#1: worker process 6 exited with code 0
2024/06/19 13:53:51 [notice] 1#1: worker process 8 exited with code 0
2024/06/19 13:53:51 [notice] 1#1: worker process 7 exited with code 0
2024/06/19 13:53:51 [notice] 1#1: worker process 9 exited with code 0
2024/06/19 13:53:51 [notice] 1#1: worker process 10 exited with code 0
2024/06/19 13:53:51 [notice] 1#1: worker process 11 exited with code 0
2024/06/19 13:53:51 [notice] 1#1: worker process 12 exited with code 0
2024/06/19 13:53:51 [notice] 1#1: worker process 13 exited with code 0
2024/06/19 13:53:51 [notice] 1#1: exit
2024/06/19 13:53:52 [notice] 1#1: using the "epoll" event method
2024/06/19 13:53:52 [notice] 1#1: nginx/1.27.0
2024/06/19 13:53:52 [notice] 1#1: built by gcc 13.2.1 20231014 (Alpine 13.2.1_git20231014) 
2024/06/19 13:53:52 [notice] 1#1: OS: Linux 6.6.26-linuxkit
2024/06/19 13:53:52 [notice] 1#1: getrlimit(RLIMIT_NOFILE): 1048576:1048576
2024/06/19 13:53:52 [notice] 1#1: start worker processes
2024/06/19 13:53:52 [notice] 1#1: start worker process 7
2024/06/19 13:53:52 [notice] 1#1: start worker process 8
2024/06/19 13:53:52 [notice] 1#1: start worker process 9
2024/06/19 13:53:52 [notice] 1#1: start worker process 10
2024/06/19 13:53:52 [notice] 1#1: start worker process 11
2024/06/19 13:53:52 [notice] 1#1: start worker process 12
2024/06/19 13:53:52 [notice] 1#1: start worker process 13
2024/06/19 13:53:52 [notice] 1#1: start worker process 14
2024/06/20 03:15:46 [notice] 1#1: signal 3 (SIGQUIT) received, shutting down
2024/06/20 03:15:46 [notice] 13#13: gracefully shutting down
2024/06/20 03:15:46 [notice] 7#7: gracefully shutting down
2024/06/20 03:15:46 [notice] 10#10: gracefully shutting down
2024/06/20 03:15:46 [notice] 8#8: gracefully shutting down
2024/06/20 03:15:46 [notice] 11#11: gracefully shutting down
2024/06/20 03:15:46 [notice] 12#12: gracefully shutting down
2024/06/20 03:15:46 [notice] 9#9: gracefully shutting down
2024/06/20 03:15:46 [notice] 10#10: exiting
2024/06/20 03:15:46 [notice] 14#14: gracefully shutting down
2024/06/20 03:15:46 [notice] 11#11: exiting
2024/06/20 03:15:46 [notice] 9#9: exiting
2024/06/20 03:15:46 [notice] 13#13: exiting
2024/06/20 03:15:46 [notice] 7#7: exiting
2024/06/20 03:15:46 [notice] 8#8: exiting
2024/06/20 03:15:46 [notice] 12#12: exiting
2024/06/20 03:15:46 [notice] 9#9: exit
2024/06/20 03:15:46 [notice] 8#8: exit
2024/06/20 03:15:46 [notice] 14#14: exiting
2024/06/20 03:15:46 [notice] 10#10: exit
2024/06/20 03:15:46 [notice] 12#12: exit
2024/06/20 03:15:46 [notice] 11#11: exit
2024/06/20 03:15:46 [notice] 13#13: exit
2024/06/20 03:15:46 [notice] 7#7: exit
2024/06/20 03:15:46 [notice] 14#14: exit
2024/06/20 03:15:46 [notice] 1#1: signal 17 (SIGCHLD) received from 10
2024/06/20 03:15:46 [notice] 1#1: worker process 9 exited with code 0
2024/06/20 03:15:46 [notice] 1#1: worker process 10 exited with code 0
2024/06/20 03:15:46 [notice] 1#1: signal 29 (SIGIO) received
2024/06/20 03:15:46 [notice] 1#1: signal 17 (SIGCHLD) received from 7
2024/06/20 03:15:46 [notice] 1#1: worker process 7 exited with code 0
2024/06/20 03:15:46 [notice] 1#1: signal 29 (SIGIO) received
2024/06/20 03:15:46 [notice] 1#1: signal 17 (SIGCHLD) received from 11
2024/06/20 03:15:46 [notice] 1#1: worker process 11 exited with code 0
2024/06/20 03:15:46 [notice] 1#1: worker process 12 exited with code 0
2024/06/20 03:15:46 [notice] 1#1: worker process 13 exited with code 0
2024/06/20 03:15:46 [notice] 1#1: signal 29 (SIGIO) received
2024/06/20 03:15:46 [notice] 1#1: signal 17 (SIGCHLD) received from 12
2024/06/20 03:15:46 [notice] 1#1: signal 17 (SIGCHLD) received from 8
2024/06/20 03:15:46 [notice] 1#1: worker process 8 exited with code 0
2024/06/20 03:15:46 [notice] 1#1: worker process 14 exited with code 0
2024/06/20 03:15:46 [notice] 1#1: exit
2024/06/20 03:16:09 [notice] 1#1: using the "epoll" event method
2024/06/20 03:16:09 [notice] 1#1: nginx/1.27.0
2024/06/20 03:16:09 [notice] 1#1: built by gcc 13.2.1 20231014 (Alpine 13.2.1_git20231014) 
2024/06/20 03:16:09 [notice] 1#1: OS: Linux 6.6.26-linuxkit
2024/06/20 03:16:09 [notice] 1#1: getrlimit(RLIMIT_NOFILE): 1048576:1048576
2024/06/20 03:16:09 [notice] 1#1: start worker processes
2024/06/20 03:16:09 [notice] 1#1: start worker process 8
2024/06/20 03:16:09 [notice] 1#1: start worker process 9
2024/06/20 03:16:09 [notice] 1#1: start worker process 10
2024/06/20 03:16:09 [notice] 1#1: start worker process 11
2024/06/20 03:16:09 [notice] 1#1: start worker process 12
2024/06/20 03:16:09 [notice] 1#1: start worker process 13
2024/06/20 03:16:09 [notice] 1#1: start worker process 14
2024/06/20 03:16:09 [notice] 1#1: start worker process 15
2024/06/20 03:16:15 [error] 8#8: *1 connect() failed (111: Connection refused) while connecting to upstream, client: 192.168.65.1, server: , request: "GET /api/v1/users HTTP/1.1", upstream: "http://172.22.0.3:3001/api/v1/users", host: "localhost"
2024/06/20 03:16:18 [error] 8#8: *1 connect() failed (111: Connection refused) while connecting to upstream, client: 192.168.65.1, server: , request: "GET /api/v1/users HTTP/1.1", upstream: "http://172.22.0.3:3001/api/v1/users", host: "localhost"
2024/06/20 03:16:19 [error] 8#8: *1 connect() failed (111: Connection refused) while connecting to upstream, client: 192.168.65.1, server: , request: "GET /api/v1/users HTTP/1.1", upstream: "http://172.22.0.3:3001/api/v1/users", host: "localhost"
2024/06/20 03:16:19 [error] 8#8: *1 connect() failed (111: Connection refused) while connecting to upstream, client: 192.168.65.1, server: , request: "GET /api/v1/users HTTP/1.1", upstream: "http://172.22.0.3:3001/api/v1/users", host: "localhost"
2024/06/20 03:16:19 [error] 8#8: *1 connect() failed (111: Connection refused) while connecting to upstream, client: 192.168.65.1, server: , request: "GET /api/v1/users HTTP/1.1", upstream: "http://172.22.0.3:3001/api/v1/users", host: "localhost"
2024/06/20 03:17:19 [error] 8#8: *1 connect() failed (111: Connection refused) while connecting to upstream, client: 192.168.65.1, server: , request: "GET /api/v1/users HTTP/1.1", upstream: "http://172.22.0.3:3001/api/v1/users", host: "localhost"
2024/06/20 03:17:21 [error] 8#8: *1 connect() failed (111: Connection refused) while connecting to upstream, client: 192.168.65.1, server: , request: "GET /api/v1/users HTTP/1.1", upstream: "http://172.22.0.3:3001/api/v1/users", host: "localhost"
2024/06/20 03:23:08 [error] 9#9: *9 connect() failed (111: Connection refused) while connecting to upstream, client: 192.168.65.1, server: , request: "GET /api/v1/users HTTP/1.1", upstream: "http://172.22.0.3:3001/api/v1/users", host: "localhost"
2024/06/20 03:24:50 [error] 10#10: *11 connect() failed (111: Connection refused) while connecting to upstream, client: 192.168.65.1, server: , request: "GET /api/v1/users HTTP/1.1", upstream: "http://172.22.0.3:3001/api/v1/users", host: "localhost"
2024/06/20 03:24:52 [error] 11#11: *13 connect() failed (111: Connection refused) while connecting to upstream, client: 192.168.65.1, server: , request: "GET /api/v1/users HTTP/1.1", upstream: "http://172.22.0.3:3001/api/v1/users", host: "localhost"
2024/06/20 03:25:05 [error] 12#12: *15 connect() failed (111: Connection refused) while connecting to upstream, client: 192.168.65.1, server: , request: "GET /api HTTP/1.1", upstream: "http://172.22.0.3:3001/api", host: "localhost"
2024/06/20 03:25:11 [error] 13#13: *17 connect() failed (111: Connection refused) while connecting to upstream, client: 192.168.65.1, server: , request: "GET /api HTTP/1.1", upstream: "http://172.22.0.3:3001/api", host: "localhost"
2024/06/20 03:25:13 [error] 13#13: *17 connect() failed (111: Connection refused) while connecting to upstream, client: 192.168.65.1, server: , request: "GET /api/v1/config HTTP/1.1", upstream: "http://172.22.0.3:3001/api/v1/config", host: "localhost"
2024/06/20 03:25:15 [error] 13#13: *17 connect() failed (111: Connection refused) while connecting to upstream, client: 192.168.65.1, server: , request: "GET /api/v1/config HTTP/1.1", upstream: "http://172.22.0.3:3001/api/v1/config", host: "localhost"
2024/06/20 03:25:23 [error] 14#14: *21 connect() failed (111: Connection refused) while connecting to upstream, client: 192.168.65.1, server: , request: "GET /api/v1/users HTTP/1.1", upstream: "http://172.22.0.3:3001/api/v1/users", host: "localhost"
2024/06/20 03:26:40 [error] 15#15: *23 connect() failed (111: Connection refused) while connecting to upstream, client: 192.168.65.1, server: , request: "GET /api/v1/users HTTP/1.1", upstream: "http://172.22.0.3:3001/api/v1/users", host: "localhost"
2024/06/20 03:26:40 [error] 15#15: *23 connect() failed (111: Connection refused) while connecting to upstream, client: 192.168.65.1, server: , request: "GET /api/v1/users HTTP/1.1", upstream: "http://172.22.0.3:3001/api/v1/users", host: "localhost"
2024/06/20 03:26:41 [error] 15#15: *23 connect() failed (111: Connection refused) while connecting to upstream, client: 192.168.65.1, server: , request: "GET /api/v1/users HTTP/1.1", upstream: "http://172.22.0.3:3001/api/v1/users", host: "localhost"
2024/06/20 03:26:45 [error] 8#8: *27 connect() failed (111: Connection refused) while connecting to upstream, client: 192.168.65.1, server: , request: "GET / HTTP/1.1", upstream: "http://172.22.0.3:3001/", host: "localhost"
2024/06/20 03:29:04 [error] 8#8: *29 connect() failed (111: Connection refused) while connecting to upstream, client: 192.168.65.1, server: , request: "GET / HTTP/1.1", upstream: "http://172.22.0.3:3001/", host: "localhost"
2024/06/20 03:32:43 [error] 8#8: *31 connect() failed (111: Connection refused) while connecting to upstream, client: 192.168.65.1, server: , request: "GET / HTTP/1.1", upstream: "http://172.22.0.3:3001/", host: "localhost"
2024/06/20 03:33:23 [error] 8#8: *33 connect() failed (111: Connection refused) while connecting to upstream, client: 192.168.65.1, server: , request: "GET / HTTP/1.1", upstream: "http://172.22.0.3:3001/", host: "localhost"
2024/06/20 03:33:55 [notice] 1#1: signal 3 (SIGQUIT) received, shutting down
2024/06/20 03:33:55 [notice] 8#8: gracefully shutting down
2024/06/20 03:33:55 [notice] 11#11: gracefully shutting down
2024/06/20 03:33:55 [notice] 9#9: gracefully shutting down
2024/06/20 03:33:55 [notice] 11#11: exiting
2024/06/20 03:33:55 [notice] 15#15: gracefully shutting down
2024/06/20 03:33:55 [notice] 10#10: gracefully shutting down
2024/06/20 03:33:55 [notice] 13#13: gracefully shutting down
2024/06/20 03:33:55 [notice] 10#10: exiting
2024/06/20 03:33:55 [notice] 14#14: gracefully shutting down
2024/06/20 03:33:55 [notice] 12#12: gracefully shutting down
2024/06/20 03:33:55 [notice] 8#8: exiting
2024/06/20 03:33:55 [notice] 9#9: exiting
2024/06/20 03:33:55 [notice] 15#15: exiting
2024/06/20 03:33:55 [notice] 11#11: exit
2024/06/20 03:33:55 [notice] 13#13: exiting
2024/06/20 03:33:55 [notice] 10#10: exit
2024/06/20 03:33:55 [notice] 14#14: exiting
2024/06/20 03:33:55 [notice] 8#8: exit
2024/06/20 03:33:55 [notice] 12#12: exiting
2024/06/20 03:33:55 [notice] 9#9: exit
2024/06/20 03:33:55 [notice] 12#12: exit
2024/06/20 03:33:55 [notice] 15#15: exit
2024/06/20 03:33:55 [notice] 13#13: exit
2024/06/20 03:33:55 [notice] 14#14: exit
2024/06/20 03:33:55 [notice] 1#1: signal 17 (SIGCHLD) received from 9
2024/06/20 03:33:55 [notice] 1#1: worker process 9 exited with code 0
2024/06/20 03:33:55 [notice] 1#1: signal 29 (SIGIO) received
2024/06/20 03:33:55 [notice] 1#1: signal 17 (SIGCHLD) received from 15
2024/06/20 03:33:55 [notice] 1#1: worker process 8 exited with code 0
2024/06/20 03:33:55 [notice] 1#1: worker process 10 exited with code 0
2024/06/20 03:33:55 [notice] 1#1: worker process 11 exited with code 0
2024/06/20 03:33:55 [notice] 1#1: worker process 12 exited with code 0
2024/06/20 03:33:55 [notice] 1#1: worker process 13 exited with code 0
2024/06/20 03:33:55 [notice] 1#1: worker process 14 exited with code 0
2024/06/20 03:33:55 [notice] 1#1: worker process 15 exited with code 0
2024/06/20 03:33:55 [notice] 1#1: exit
2024/06/20 03:37:57 [notice] 1#1: using the "epoll" event method
2024/06/20 03:37:57 [notice] 1#1: nginx/1.27.0
2024/06/20 03:37:57 [notice] 1#1: built by gcc 13.2.1 20231014 (Alpine 13.2.1_git20231014) 
2024/06/20 03:37:57 [notice] 1#1: OS: Linux 6.6.26-linuxkit
2024/06/20 03:37:57 [notice] 1#1: getrlimit(RLIMIT_NOFILE): 1048576:1048576
2024/06/20 03:37:57 [notice] 1#1: start worker processes
2024/06/20 03:37:57 [notice] 1#1: start worker process 7
2024/06/20 03:37:57 [notice] 1#1: start worker process 8
2024/06/20 03:37:57 [notice] 1#1: start worker process 9
2024/06/20 03:37:57 [notice] 1#1: start worker process 10
2024/06/20 03:37:57 [notice] 1#1: start worker process 11
2024/06/20 03:37:57 [notice] 1#1: start worker process 12
2024/06/20 03:37:57 [notice] 1#1: start worker process 13
2024/06/20 03:37:57 [notice] 1#1: start worker process 14
2024/06/20 03:38:07 [error] 7#7: *1 connect() failed (111: Connection refused) while connecting to upstream, client: 192.168.65.1, server: , request: "GET / HTTP/1.1", upstream: "http://172.23.0.3:3001/", host: "localhost"
2024/06/20 03:38:08 [error] 7#7: *1 connect() failed (111: Connection refused) while connecting to upstream, client: 192.168.65.1, server: , request: "GET / HTTP/1.1", upstream: "http://172.23.0.3:3001/", host: "localhost"
2024/06/20 03:38:08 [error] 7#7: *1 connect() failed (111: Connection refused) while connecting to upstream, client: 192.168.65.1, server: , request: "GET / HTTP/1.1", upstream: "http://172.23.0.3:3001/", host: "localhost"
2024/06/20 03:38:08 [error] 7#7: *1 connect() failed (111: Connection refused) while connecting to upstream, client: 192.168.65.1, server: , request: "GET / HTTP/1.1", upstream: "http://172.23.0.3:3001/", host: "localhost"
2024/06/20 03:38:18 [error] 8#8: *6 connect() failed (111: Connection refused) while connecting to upstream, client: 192.168.65.1, server: , request: "GET /api/v1/users HTTP/1.1", upstream: "http://172.23.0.3:3001/api/v1/users", host: "localhost"
2024/06/20 03:51:40 [error] 9#9: *8 connect() failed (111: Connection refused) while connecting to upstream, client: 192.168.65.1, server: , request: "GET / HTTP/1.1", upstream: "http://172.23.0.3:3001/", host: "localhost"
2024/06/20 04:07:28 [error] 10#10: *10 connect() failed (111: Connection refused) while connecting to upstream, client: 192.168.65.1, server: , request: "GET /api/v1/users HTTP/1.1", upstream: "http://172.23.0.3:3001/api/v1/users", host: "localhost"
2024/06/20 04:07:29 [error] 10#10: *10 connect() failed (111: Connection refused) while connecting to upstream, client: 192.168.65.1, server: , request: "GET /api/v1/users HTTP/1.1", upstream: "http://172.23.0.3:3001/api/v1/users", host: "localhost"
2024/06/20 04:07:35 [notice] 1#1: signal 3 (SIGQUIT) received, shutting down
2024/06/20 04:07:35 [notice] 10#10: gracefully shutting down
2024/06/20 04:07:35 [notice] 8#8: gracefully shutting down
2024/06/20 04:07:35 [notice] 12#12: gracefully shutting down
2024/06/20 04:07:35 [notice] 7#7: gracefully shutting down
2024/06/20 04:07:35 [notice] 13#13: gracefully shutting down
2024/06/20 04:07:35 [notice] 14#14: gracefully shutting down
2024/06/20 04:07:35 [notice] 11#11: gracefully shutting down
2024/06/20 04:07:35 [notice] 9#9: gracefully shutting down
2024/06/20 04:07:35 [notice] 10#10: exiting
2024/06/20 04:07:35 [notice] 8#8: exiting
2024/06/20 04:07:35 [notice] 12#12: exiting
2024/06/20 04:07:35 [notice] 7#7: exiting
2024/06/20 04:07:35 [notice] 13#13: exiting
2024/06/20 04:07:35 [notice] 14#14: exiting
2024/06/20 04:07:35 [notice] 13#13: exit
2024/06/20 04:07:35 [notice] 11#11: exiting
2024/06/20 04:07:35 [notice] 9#9: exiting
2024/06/20 04:07:35 [notice] 8#8: exit
2024/06/20 04:07:35 [notice] 10#10: exit
2024/06/20 04:07:35 [notice] 12#12: exit
2024/06/20 04:07:35 [notice] 7#7: exit
2024/06/20 04:07:35 [notice] 11#11: exit
2024/06/20 04:07:35 [notice] 14#14: exit
2024/06/20 04:07:35 [notice] 9#9: exit
2024/06/20 04:07:35 [notice] 1#1: signal 17 (SIGCHLD) received from 10
2024/06/20 04:07:35 [notice] 1#1: worker process 7 exited with code 0
2024/06/20 04:07:35 [notice] 1#1: worker process 8 exited with code 0
2024/06/20 04:07:35 [notice] 1#1: worker process 10 exited with code 0
2024/06/20 04:07:35 [notice] 1#1: worker process 11 exited with code 0
2024/06/20 04:07:35 [notice] 1#1: worker process 12 exited with code 0
2024/06/20 04:07:35 [notice] 1#1: worker process 13 exited with code 0
2024/06/20 04:07:35 [notice] 1#1: worker process 14 exited with code 0
2024/06/20 04:07:35 [notice] 1#1: signal 29 (SIGIO) received
2024/06/20 04:07:35 [notice] 1#1: signal 17 (SIGCHLD) received from 12
2024/06/20 04:07:35 [notice] 1#1: signal 17 (SIGCHLD) received from 9
2024/06/20 04:07:35 [notice] 1#1: worker process 9 exited with code 0
2024/06/20 04:07:35 [notice] 1#1: exit
2024/06/20 12:25:37 [notice] 1#1: using the "epoll" event method
2024/06/20 12:25:37 [notice] 1#1: nginx/1.27.0
2024/06/20 12:25:37 [notice] 1#1: built by gcc 13.2.1 20231014 (Alpine 13.2.1_git20231014) 
2024/06/20 12:25:37 [notice] 1#1: OS: Linux 6.6.26-linuxkit
2024/06/20 12:25:37 [notice] 1#1: getrlimit(RLIMIT_NOFILE): 1048576:1048576
2024/06/20 12:25:37 [notice] 1#1: start worker processes
2024/06/20 12:25:37 [notice] 1#1: start worker process 7
2024/06/20 12:25:37 [notice] 1#1: start worker process 8
2024/06/20 12:25:37 [notice] 1#1: start worker process 9
2024/06/20 12:25:37 [notice] 1#1: start worker process 10
2024/06/20 12:25:37 [notice] 1#1: start worker process 11
2024/06/20 12:25:37 [notice] 1#1: start worker process 12
2024/06/20 12:25:37 [notice] 1#1: start worker process 13
2024/06/20 12:25:37 [notice] 1#1: start worker process 14
2024/06/20 12:25:46 [error] 7#7: *1 connect() failed (111: Connection refused) while connecting to upstream, client: 192.168.65.1, server: , request: "GET /api/v1/users HTTP/1.1", upstream: "http://172.18.0.2:3001/api/v1/users", host: "localhost"
2024/06/20 12:55:21 [notice] 1#1: signal 3 (SIGQUIT) received, shutting down
2024/06/20 12:55:21 [notice] 7#7: gracefully shutting down
2024/06/20 12:55:21 [notice] 9#9: gracefully shutting down
2024/06/20 12:55:21 [notice] 10#10: gracefully shutting down
2024/06/20 12:55:21 [notice] 11#11: gracefully shutting down
2024/06/20 12:55:21 [notice] 12#12: gracefully shutting down
2024/06/20 12:55:21 [notice] 8#8: gracefully shutting down
2024/06/20 12:55:21 [notice] 12#12: exiting
2024/06/20 12:55:21 [notice] 14#14: gracefully shutting down
2024/06/20 12:55:21 [notice] 13#13: gracefully shutting down
2024/06/20 12:55:21 [notice] 7#7: exiting
2024/06/20 12:55:21 [notice] 9#9: exiting
2024/06/20 12:55:21 [notice] 10#10: exiting
2024/06/20 12:55:21 [notice] 11#11: exiting
2024/06/20 12:55:21 [notice] 8#8: exiting
2024/06/20 12:55:21 [notice] 12#12: exit
2024/06/20 12:55:21 [notice] 14#14: exiting
2024/06/20 12:55:21 [notice] 13#13: exiting
2024/06/20 12:55:21 [notice] 7#7: exit
2024/06/20 12:55:21 [notice] 9#9: exit
2024/06/20 12:55:21 [notice] 10#10: exit
2024/06/20 12:55:21 [notice] 11#11: exit
2024/06/20 12:55:21 [notice] 8#8: exit
2024/06/20 12:55:21 [notice] 14#14: exit
2024/06/20 12:55:21 [notice] 13#13: exit
2024/06/20 12:55:22 [notice] 1#1: signal 17 (SIGCHLD) received from 10
2024/06/20 12:55:22 [notice] 1#1: worker process 7 exited with code 0
2024/06/20 12:55:22 [notice] 1#1: worker process 10 exited with code 0
2024/06/20 12:55:22 [notice] 1#1: signal 29 (SIGIO) received
2024/06/20 12:55:22 [notice] 1#1: signal 17 (SIGCHLD) received from 9
2024/06/20 12:55:22 [notice] 1#1: worker process 9 exited with code 0
2024/06/20 12:55:22 [notice] 1#1: worker process 11 exited with code 0
2024/06/20 12:55:22 [notice] 1#1: worker process 12 exited with code 0
2024/06/20 12:55:22 [notice] 1#1: signal 29 (SIGIO) received
2024/06/20 12:55:22 [notice] 1#1: signal 17 (SIGCHLD) received from 11
2024/06/20 12:55:22 [notice] 1#1: signal 17 (SIGCHLD) received from 13
2024/06/20 12:55:22 [notice] 1#1: worker process 8 exited with code 0
2024/06/20 12:55:22 [notice] 1#1: worker process 13 exited with code 0
2024/06/20 12:55:22 [notice] 1#1: worker process 14 exited with code 0
2024/06/20 12:55:22 [notice] 1#1: exit
